<?xml version="1.0" encoding="UTF-8"?>
<!-- Generated by org.testng.reporters.JUnitReportReporter -->
<testsuite hostname="CC" name="com.owls.corporate.index.CorporateApplicationIndex" tests="1" failures="0" timestamp="8 Nov 2017 08:40:43 GMT" time="228.205" errors="0">
  <testcase name="verifyCreateCorporateApplication" time="228.205" classname="com.owls.corporate.index.CorporateApplicationIndex"/>
</testsuite> <!-- com.owls.corporate.index.CorporateApplicationIndex -->
